<?xml version="1.0" encoding="utf-8"?>
<LinearLayout xmlns:android="http://schemas.android.com/apk/res/android"
    android:layout_width="match_parent"
    android:layout_height="match_parent">

    <TextView
        android:id="@+id/txt_test_id"
        android:layout_width="wrap_content"
        android:layout_height="wrap_content"
        android:layout_weight="0.5"
        android:gravity="center"
        android:text="TextView"
        android:textSize="25sp" />

    <TextView
        android:id="@+id/txt_test_score"
        android:layout_width="wrap_content"
        android:layout_height="wrap_content"
        android:layout_weight="1"
        android:gravity="center"
        android:text="TextView"
        android:textSize="25sp" />
</LinearLayout>